{"/Users/andrei/code/extensions/grok-ai/src/hooks/useRobustStreaming.tsx": {"path":"/Users/andrei/code/extensions/grok-ai/src/hooks/useRobustStreaming.tsx","all":false,"statementMap":{"0":{"start":{"line":1,"column":0},"end":{"line":1,"column":54}},"1":{"start":{"line":2,"column":0},"end":{"line":2,"column":48}},"2":{"start":{"line":3,"column":0},"end":{"line":3,"column":65}},"21":{"start":{"line":22,"column":0},"end":{"line":22,"column":81}},"22":{"start":{"line":23,"column":0},"end":{"line":23,"column":54}},"23":{"start":{"line":24,"column":0},"end":{"line":24,"column":21}},"24":{"start":{"line":25,"column":0},"end":{"line":25,"column":13}},"25":{"start":{"line":26,"column":0},"end":{"line":26,"column":23}},"26":{"start":{"line":27,"column":0},"end":{"line":27,"column":36}},"27":{"start":{"line":28,"column":0},"end":{"line":28,"column":5}},"29":{"start":{"line":30,"column":0},"end":{"line":30,"column":72}},"30":{"start":{"line":31,"column":0},"end":{"line":31,"column":81}},"31":{"start":{"line":32,"column":0},"end":{"line":32,"column":48}},"33":{"start":{"line":34,"column":0},"end":{"line":34,"column":105}},"34":{"start":{"line":35,"column":0},"end":{"line":35,"column":51}},"36":{"start":{"line":37,"column":0},"end":{"line":37,"column":41}},"37":{"start":{"line":38,"column":0},"end":{"line":38,"column":39}},"39":{"start":{"line":40,"column":0},"end":{"line":40,"column":55}},"40":{"start":{"line":41,"column":0},"end":{"line":41,"column":56}},"42":{"start":{"line":43,"column":0},"end":{"line":43,"column":30}},"43":{"start":{"line":44,"column":0},"end":{"line":44,"column":9}},"45":{"start":{"line":46,"column":0},"end":{"line":46,"column":37}},"46":{"start":{"line":47,"column":0},"end":{"line":47,"column":23}},"47":{"start":{"line":48,"column":0},"end":{"line":48,"column":36}},"48":{"start":{"line":49,"column":0},"end":{"line":49,"column":26}},"50":{"start":{"line":51,"column":0},"end":{"line":51,"column":24}},"52":{"start":{"line":53,"column":0},"end":{"line":53,"column":39}},"53":{"start":{"line":54,"column":0},"end":{"line":54,"column":17}},"54":{"start":{"line":55,"column":0},"end":{"line":55,"column":9}},"56":{"start":{"line":57,"column":0},"end":{"line":57,"column":13}},"57":{"start":{"line":58,"column":0},"end":{"line":58,"column":51}},"58":{"start":{"line":59,"column":0},"end":{"line":59,"column":115}},"60":{"start":{"line":61,"column":0},"end":{"line":61,"column":24}},"61":{"start":{"line":62,"column":0},"end":{"line":62,"column":50}},"63":{"start":{"line":64,"column":0},"end":{"line":64,"column":33}},"64":{"start":{"line":65,"column":0},"end":{"line":65,"column":22}},"65":{"start":{"line":66,"column":0},"end":{"line":66,"column":40}},"66":{"start":{"line":67,"column":0},"end":{"line":67,"column":16}},"68":{"start":{"line":69,"column":0},"end":{"line":69,"column":42}},"69":{"start":{"line":70,"column":0},"end":{"line":70,"column":11}},"70":{"start":{"line":71,"column":0},"end":{"line":71,"column":25}},"71":{"start":{"line":72,"column":0},"end":{"line":72,"column":60}},"72":{"start":{"line":73,"column":0},"end":{"line":73,"column":9}},"73":{"start":{"line":74,"column":0},"end":{"line":74,"column":7}},"75":{"start":{"line":76,"column":0},"end":{"line":76,"column":52}},"76":{"start":{"line":77,"column":0},"end":{"line":77,"column":95}},"77":{"start":{"line":78,"column":0},"end":{"line":78,"column":7}},"78":{"start":{"line":79,"column":0},"end":{"line":79,"column":6}},"79":{"start":{"line":80,"column":0},"end":{"line":80,"column":28}},"80":{"start":{"line":81,"column":0},"end":{"line":81,"column":4}},"82":{"start":{"line":83,"column":0},"end":{"line":83,"column":39}},"83":{"start":{"line":84,"column":0},"end":{"line":84,"column":100}},"84":{"start":{"line":85,"column":0},"end":{"line":85,"column":47}},"85":{"start":{"line":86,"column":0},"end":{"line":86,"column":70}},"87":{"start":{"line":88,"column":0},"end":{"line":88,"column":11}},"88":{"start":{"line":89,"column":0},"end":{"line":89,"column":43}},"89":{"start":{"line":90,"column":0},"end":{"line":90,"column":26}},"90":{"start":{"line":91,"column":0},"end":{"line":91,"column":36}},"91":{"start":{"line":92,"column":0},"end":{"line":92,"column":11}},"92":{"start":{"line":93,"column":0},"end":{"line":93,"column":32}},"93":{"start":{"line":94,"column":0},"end":{"line":94,"column":24}},"94":{"start":{"line":95,"column":0},"end":{"line":95,"column":23}},"95":{"start":{"line":96,"column":0},"end":{"line":96,"column":32}},"96":{"start":{"line":97,"column":0},"end":{"line":97,"column":68}},"97":{"start":{"line":98,"column":0},"end":{"line":98,"column":45}},"98":{"start":{"line":99,"column":0},"end":{"line":99,"column":9}},"99":{"start":{"line":100,"column":0},"end":{"line":100,"column":20}},"100":{"start":{"line":101,"column":0},"end":{"line":101,"column":7}},"101":{"start":{"line":102,"column":0},"end":{"line":102,"column":6}},"102":{"start":{"line":103,"column":0},"end":{"line":103,"column":7}},"103":{"start":{"line":104,"column":0},"end":{"line":104,"column":4}},"105":{"start":{"line":106,"column":0},"end":{"line":106,"column":36}},"106":{"start":{"line":107,"column":0},"end":{"line":107,"column":105}},"107":{"start":{"line":108,"column":0},"end":{"line":108,"column":40}},"108":{"start":{"line":109,"column":0},"end":{"line":109,"column":64}},"109":{"start":{"line":110,"column":0},"end":{"line":110,"column":24}},"110":{"start":{"line":111,"column":0},"end":{"line":111,"column":38}},"111":{"start":{"line":112,"column":0},"end":{"line":112,"column":40}},"112":{"start":{"line":113,"column":0},"end":{"line":113,"column":91}},"113":{"start":{"line":114,"column":0},"end":{"line":114,"column":12}},"114":{"start":{"line":115,"column":0},"end":{"line":115,"column":11}},"115":{"start":{"line":116,"column":0},"end":{"line":116,"column":7}},"117":{"start":{"line":118,"column":0},"end":{"line":118,"column":57}},"118":{"start":{"line":119,"column":0},"end":{"line":119,"column":67}},"119":{"start":{"line":120,"column":0},"end":{"line":120,"column":70}},"121":{"start":{"line":122,"column":0},"end":{"line":122,"column":11}},"122":{"start":{"line":123,"column":0},"end":{"line":123,"column":90}},"124":{"start":{"line":125,"column":0},"end":{"line":125,"column":54}},"125":{"start":{"line":126,"column":0},"end":{"line":126,"column":28}},"126":{"start":{"line":127,"column":0},"end":{"line":127,"column":20}},"127":{"start":{"line":128,"column":0},"end":{"line":128,"column":38}},"128":{"start":{"line":129,"column":0},"end":{"line":129,"column":31}},"129":{"start":{"line":130,"column":0},"end":{"line":130,"column":12}},"130":{"start":{"line":131,"column":0},"end":{"line":131,"column":41}},"131":{"start":{"line":132,"column":0},"end":{"line":132,"column":11}},"133":{"start":{"line":134,"column":0},"end":{"line":134,"column":27}},"134":{"start":{"line":135,"column":0},"end":{"line":135,"column":84}},"135":{"start":{"line":136,"column":0},"end":{"line":136,"column":9}},"137":{"start":{"line":138,"column":0},"end":{"line":138,"column":29}},"138":{"start":{"line":139,"column":0},"end":{"line":139,"column":46}},"139":{"start":{"line":140,"column":0},"end":{"line":140,"column":9}},"141":{"start":{"line":142,"column":0},"end":{"line":142,"column":29}},"142":{"start":{"line":143,"column":0},"end":{"line":143,"column":18}},"143":{"start":{"line":144,"column":0},"end":{"line":144,"column":39}},"144":{"start":{"line":145,"column":0},"end":{"line":145,"column":28}},"145":{"start":{"line":146,"column":0},"end":{"line":146,"column":12}},"147":{"start":{"line":148,"column":0},"end":{"line":148,"column":47}},"149":{"start":{"line":150,"column":0},"end":{"line":150,"column":49}},"150":{"start":{"line":151,"column":0},"end":{"line":151,"column":35}},"151":{"start":{"line":152,"column":0},"end":{"line":152,"column":42}},"152":{"start":{"line":153,"column":0},"end":{"line":153,"column":24}},"154":{"start":{"line":155,"column":0},"end":{"line":155,"column":22}},"155":{"start":{"line":156,"column":0},"end":{"line":156,"column":54}},"157":{"start":{"line":158,"column":0},"end":{"line":158,"column":21}},"158":{"start":{"line":159,"column":0},"end":{"line":159,"column":32}},"159":{"start":{"line":160,"column":0},"end":{"line":160,"column":44}},"160":{"start":{"line":161,"column":0},"end":{"line":161,"column":13}},"161":{"start":{"line":162,"column":0},"end":{"line":162,"column":18}},"162":{"start":{"line":163,"column":0},"end":{"line":163,"column":11}},"164":{"start":{"line":165,"column":0},"end":{"line":165,"column":64}},"165":{"start":{"line":166,"column":0},"end":{"line":166,"column":26}},"167":{"start":{"line":168,"column":0},"end":{"line":168,"column":43}},"168":{"start":{"line":169,"column":0},"end":{"line":169,"column":37}},"170":{"start":{"line":171,"column":0},"end":{"line":171,"column":37}},"171":{"start":{"line":172,"column":0},"end":{"line":172,"column":30}},"172":{"start":{"line":173,"column":0},"end":{"line":173,"column":42}},"173":{"start":{"line":174,"column":0},"end":{"line":174,"column":13}},"174":{"start":{"line":175,"column":0},"end":{"line":175,"column":11}},"175":{"start":{"line":176,"column":0},"end":{"line":176,"column":9}},"177":{"start":{"line":178,"column":0},"end":{"line":178,"column":29}},"178":{"start":{"line":179,"column":0},"end":{"line":179,"column":18}},"179":{"start":{"line":180,"column":0},"end":{"line":180,"column":27}},"180":{"start":{"line":181,"column":0},"end":{"line":181,"column":42}},"181":{"start":{"line":182,"column":0},"end":{"line":182,"column":29}},"182":{"start":{"line":183,"column":0},"end":{"line":183,"column":12}},"184":{"start":{"line":185,"column":0},"end":{"line":185,"column":35}},"185":{"start":{"line":186,"column":0},"end":{"line":186,"column":48}},"186":{"start":{"line":187,"column":0},"end":{"line":187,"column":23}},"187":{"start":{"line":188,"column":0},"end":{"line":188,"column":65}},"189":{"start":{"line":190,"column":0},"end":{"line":190,"column":82}},"190":{"start":{"line":191,"column":0},"end":{"line":191,"column":58}},"191":{"start":{"line":192,"column":0},"end":{"line":192,"column":58}},"192":{"start":{"line":193,"column":0},"end":{"line":193,"column":9}},"194":{"start":{"line":195,"column":0},"end":{"line":195,"column":29}},"195":{"start":{"line":196,"column":0},"end":{"line":196,"column":18}},"196":{"start":{"line":197,"column":0},"end":{"line":197,"column":48}},"197":{"start":{"line":198,"column":0},"end":{"line":198,"column":27}},"198":{"start":{"line":199,"column":0},"end":{"line":199,"column":35}},"199":{"start":{"line":200,"column":0},"end":{"line":200,"column":29}},"200":{"start":{"line":201,"column":0},"end":{"line":201,"column":12}},"202":{"start":{"line":203,"column":0},"end":{"line":203,"column":62}},"203":{"start":{"line":204,"column":0},"end":{"line":204,"column":48}},"205":{"start":{"line":206,"column":0},"end":{"line":206,"column":25}},"206":{"start":{"line":207,"column":0},"end":{"line":207,"column":37}},"207":{"start":{"line":208,"column":0},"end":{"line":208,"column":37}},"208":{"start":{"line":209,"column":0},"end":{"line":209,"column":39}},"209":{"start":{"line":210,"column":0},"end":{"line":210,"column":11}},"210":{"start":{"line":211,"column":0},"end":{"line":211,"column":7}},"211":{"start":{"line":212,"column":0},"end":{"line":212,"column":6}},"212":{"start":{"line":213,"column":0},"end":{"line":213,"column":52}},"213":{"start":{"line":214,"column":0},"end":{"line":214,"column":4}},"215":{"start":{"line":216,"column":0},"end":{"line":216,"column":28}},"216":{"start":{"line":217,"column":0},"end":{"line":217,"column":62}},"217":{"start":{"line":218,"column":0},"end":{"line":218,"column":38}},"218":{"start":{"line":219,"column":0},"end":{"line":219,"column":16}},"219":{"start":{"line":220,"column":0},"end":{"line":220,"column":24}},"220":{"start":{"line":221,"column":0},"end":{"line":221,"column":17}},"221":{"start":{"line":222,"column":0},"end":{"line":222,"column":27}},"222":{"start":{"line":223,"column":0},"end":{"line":223,"column":38}},"223":{"start":{"line":224,"column":0},"end":{"line":224,"column":9}},"225":{"start":{"line":226,"column":0},"end":{"line":226,"column":47}},"226":{"start":{"line":227,"column":0},"end":{"line":227,"column":6}},"227":{"start":{"line":228,"column":0},"end":{"line":228,"column":20}},"228":{"start":{"line":229,"column":0},"end":{"line":229,"column":4}},"230":{"start":{"line":231,"column":0},"end":{"line":231,"column":34}},"231":{"start":{"line":232,"column":0},"end":{"line":232,"column":28}},"232":{"start":{"line":233,"column":0},"end":{"line":233,"column":33}},"233":{"start":{"line":234,"column":0},"end":{"line":234,"column":5}},"234":{"start":{"line":235,"column":0},"end":{"line":235,"column":37}},"235":{"start":{"line":236,"column":0},"end":{"line":236,"column":41}},"236":{"start":{"line":237,"column":0},"end":{"line":237,"column":5}},"237":{"start":{"line":238,"column":0},"end":{"line":238,"column":25}},"238":{"start":{"line":239,"column":0},"end":{"line":239,"column":14}},"239":{"start":{"line":240,"column":0},"end":{"line":240,"column":23}},"240":{"start":{"line":241,"column":0},"end":{"line":241,"column":38}},"241":{"start":{"line":242,"column":0},"end":{"line":242,"column":25}},"242":{"start":{"line":243,"column":0},"end":{"line":243,"column":8}},"243":{"start":{"line":244,"column":0},"end":{"line":244,"column":44}},"244":{"start":{"line":245,"column":0},"end":{"line":245,"column":20}},"246":{"start":{"line":247,"column":0},"end":{"line":247,"column":35}},"247":{"start":{"line":248,"column":0},"end":{"line":248,"column":11}},"248":{"start":{"line":249,"column":0},"end":{"line":249,"column":37}},"249":{"start":{"line":250,"column":0},"end":{"line":250,"column":41}},"250":{"start":{"line":251,"column":0},"end":{"line":251,"column":5}},"251":{"start":{"line":252,"column":0},"end":{"line":252,"column":36}},"252":{"start":{"line":253,"column":0},"end":{"line":253,"column":14}},"253":{"start":{"line":254,"column":0},"end":{"line":254,"column":23}},"254":{"start":{"line":255,"column":0},"end":{"line":255,"column":15}},"255":{"start":{"line":256,"column":0},"end":{"line":256,"column":25}},"256":{"start":{"line":257,"column":0},"end":{"line":257,"column":38}},"257":{"start":{"line":258,"column":0},"end":{"line":258,"column":7}},"258":{"start":{"line":259,"column":0},"end":{"line":259,"column":13}},"260":{"start":{"line":261,"column":0},"end":{"line":261,"column":10}},"261":{"start":{"line":262,"column":0},"end":{"line":262,"column":13}},"262":{"start":{"line":263,"column":0},"end":{"line":263,"column":10}},"263":{"start":{"line":264,"column":0},"end":{"line":264,"column":9}},"264":{"start":{"line":265,"column":0},"end":{"line":265,"column":10}},"265":{"start":{"line":266,"column":0},"end":{"line":266,"column":4}},"266":{"start":{"line":267,"column":0},"end":{"line":267,"column":1}}},"s":{"0":1,"1":1,"2":1,"21":1,"22":16,"23":16,"24":16,"25":16,"26":16,"27":16,"29":16,"30":16,"31":16,"33":16,"34":13,"36":13,"37":13,"39":12,"40":12,"42":12,"43":16,"45":16,"46":16,"47":13,"48":13,"50":13,"52":11,"53":0,"54":0,"56":11,"57":11,"58":11,"60":11,"61":10,"63":10,"64":10,"65":10,"66":10,"68":10,"69":10,"70":11,"71":1,"72":1,"73":11,"75":13,"76":1,"77":1,"78":13,"79":16,"80":16,"82":16,"83":16,"84":12,"85":12,"87":12,"88":12,"89":12,"90":12,"91":12,"92":10,"93":10,"94":12,"95":2,"96":2,"97":0,"98":0,"99":2,"100":2,"101":12,"102":16,"103":16,"105":16,"106":16,"107":12,"108":8,"109":8,"110":8,"111":8,"112":4,"113":4,"114":8,"115":8,"117":12,"118":12,"119":12,"121":12,"122":12,"124":12,"125":12,"126":12,"127":12,"128":12,"129":12,"130":12,"131":12,"133":12,"134":1,"135":1,"137":12,"138":0,"139":0,"141":9,"142":9,"143":9,"144":9,"145":9,"147":12,"149":12,"150":12,"151":12,"152":12,"154":12,"155":20,"157":20,"158":6,"159":0,"160":0,"161":6,"162":6,"164":11,"165":11,"167":11,"168":11,"170":20,"171":22,"172":13,"173":13,"174":22,"175":11,"177":6,"178":6,"179":6,"180":6,"181":6,"182":6,"184":12,"185":12,"186":12,"187":6,"189":6,"190":4,"191":4,"192":4,"194":2,"195":2,"196":2,"197":2,"198":2,"199":2,"200":2,"202":2,"203":6,"205":6,"206":6,"207":6,"208":6,"209":6,"210":2,"211":12,"212":16,"213":16,"215":16,"216":16,"217":8,"218":8,"219":8,"220":8,"221":8,"222":8,"223":8,"225":8,"226":8,"227":16,"228":16,"230":16,"231":0,"232":0,"233":0,"234":0,"235":0,"236":0,"237":0,"238":0,"239":0,"240":0,"241":0,"242":0,"243":0,"244":16,"246":16,"247":0,"248":0,"249":0,"250":0,"251":0,"252":0,"253":0,"254":0,"255":0,"256":0,"257":0,"258":16,"260":16,"261":16,"262":16,"263":16,"264":16,"265":16,"266":16},"branchMap":{"0":{"type":"branch","line":22,"loc":{"start":{"line":22,"column":7},"end":{"line":267,"column":1}},"locations":[{"start":{"line":22,"column":7},"end":{"line":267,"column":1}}]},"1":{"type":"branch","line":34,"loc":{"start":{"line":34,"column":31},"end":{"line":44,"column":5}},"locations":[{"start":{"line":34,"column":31},"end":{"line":44,"column":5}}]},"2":{"type":"branch","line":35,"loc":{"start":{"line":35,"column":39},"end":{"line":35,"column":51}},"locations":[{"start":{"line":35,"column":39},"end":{"line":35,"column":51}}]},"3":{"type":"branch","line":38,"loc":{"start":{"line":38,"column":27},"end":{"line":38,"column":39}},"locations":[{"start":{"line":38,"column":27},"end":{"line":38,"column":39}}]},"4":{"type":"branch","line":38,"loc":{"start":{"line":38,"column":34},"end":{"line":43,"column":30}},"locations":[{"start":{"line":38,"column":34},"end":{"line":43,"column":30}}]},"5":{"type":"branch","line":47,"loc":{"start":{"line":47,"column":4},"end":{"line":79,"column":6}},"locations":[{"start":{"line":47,"column":4},"end":{"line":79,"column":6}}]},"6":{"type":"branch","line":49,"loc":{"start":{"line":49,"column":19},"end":{"line":49,"column":26}},"locations":[{"start":{"line":49,"column":19},"end":{"line":49,"column":26}}]},"7":{"type":"branch","line":49,"loc":{"start":{"line":49,"column":19},"end":{"line":51,"column":23}},"locations":[{"start":{"line":49,"column":19},"end":{"line":51,"column":23}}]},"8":{"type":"branch","line":51,"loc":{"start":{"line":51,"column":23},"end":{"line":74,"column":7}},"locations":[{"start":{"line":51,"column":23},"end":{"line":74,"column":7}}]},"9":{"type":"branch","line":53,"loc":{"start":{"line":53,"column":38},"end":{"line":55,"column":9}},"locations":[{"start":{"line":53,"column":38},"end":{"line":55,"column":9}}]},"10":{"type":"branch","line":59,"loc":{"start":{"line":59,"column":35},"end":{"line":59,"column":67}},"locations":[{"start":{"line":59,"column":35},"end":{"line":59,"column":67}}]},"11":{"type":"branch","line":59,"loc":{"start":{"line":59,"column":56},"end":{"line":59,"column":115}},"locations":[{"start":{"line":59,"column":56},"end":{"line":59,"column":115}}]},"12":{"type":"branch","line":61,"loc":{"start":{"line":61,"column":23},"end":{"line":70,"column":11}},"locations":[{"start":{"line":61,"column":23},"end":{"line":70,"column":11}}]},"13":{"type":"branch","line":69,"loc":{"start":{"line":69,"column":24},"end":{"line":69,"column":42}},"locations":[{"start":{"line":69,"column":24},"end":{"line":69,"column":42}}]},"14":{"type":"branch","line":71,"loc":{"start":{"line":71,"column":8},"end":{"line":73,"column":9}},"locations":[{"start":{"line":71,"column":8},"end":{"line":73,"column":9}}]},"15":{"type":"branch","line":74,"loc":{"start":{"line":74,"column":6},"end":{"line":76,"column":23}},"locations":[{"start":{"line":74,"column":6},"end":{"line":76,"column":23}}]},"16":{"type":"branch","line":76,"loc":{"start":{"line":76,"column":17},"end":{"line":76,"column":51}},"locations":[{"start":{"line":76,"column":17},"end":{"line":76,"column":51}}]},"17":{"type":"branch","line":76,"loc":{"start":{"line":76,"column":51},"end":{"line":78,"column":7}},"locations":[{"start":{"line":76,"column":51},"end":{"line":78,"column":7}}]},"18":{"type":"branch","line":64,"loc":{"start":{"line":64,"column":21},"end":{"line":67,"column":14}},"locations":[{"start":{"line":64,"column":21},"end":{"line":67,"column":14}}]},"19":{"type":"branch","line":84,"loc":{"start":{"line":84,"column":4},"end":{"line":102,"column":6}},"locations":[{"start":{"line":84,"column":4},"end":{"line":102,"column":6}}]},"20":{"type":"branch","line":92,"loc":{"start":{"line":92,"column":9},"end":{"line":95,"column":15}},"locations":[{"start":{"line":92,"column":9},"end":{"line":95,"column":15}}]},"21":{"type":"branch","line":95,"loc":{"start":{"line":95,"column":6},"end":{"line":101,"column":7}},"locations":[{"start":{"line":95,"column":6},"end":{"line":101,"column":7}}]},"22":{"type":"branch","line":97,"loc":{"start":{"line":97,"column":29},"end":{"line":97,"column":67}},"locations":[{"start":{"line":97,"column":29},"end":{"line":97,"column":67}}]},"23":{"type":"branch","line":97,"loc":{"start":{"line":97,"column":67},"end":{"line":99,"column":9}},"locations":[{"start":{"line":97,"column":67},"end":{"line":99,"column":9}}]},"24":{"type":"branch","line":107,"loc":{"start":{"line":107,"column":4},"end":{"line":212,"column":6}},"locations":[{"start":{"line":107,"column":4},"end":{"line":212,"column":6}}]},"25":{"type":"branch","line":108,"loc":{"start":{"line":108,"column":39},"end":{"line":116,"column":7}},"locations":[{"start":{"line":108,"column":39},"end":{"line":116,"column":7}}]},"26":{"type":"branch","line":132,"loc":{"start":{"line":132,"column":9},"end":{"line":134,"column":26}},"locations":[{"start":{"line":132,"column":9},"end":{"line":134,"column":26}}]},"27":{"type":"branch","line":134,"loc":{"start":{"line":134,"column":26},"end":{"line":136,"column":9}},"locations":[{"start":{"line":134,"column":26},"end":{"line":136,"column":9}}]},"28":{"type":"branch","line":136,"loc":{"start":{"line":136,"column":8},"end":{"line":138,"column":28}},"locations":[{"start":{"line":136,"column":8},"end":{"line":138,"column":28}}]},"29":{"type":"branch","line":138,"loc":{"start":{"line":138,"column":28},"end":{"line":140,"column":9}},"locations":[{"start":{"line":138,"column":28},"end":{"line":140,"column":9}}]},"30":{"type":"branch","line":140,"loc":{"start":{"line":140,"column":8},"end":{"line":148,"column":41}},"locations":[{"start":{"line":140,"column":8},"end":{"line":148,"column":41}}]},"31":{"type":"branch","line":148,"loc":{"start":{"line":148,"column":20},"end":{"line":148,"column":47}},"locations":[{"start":{"line":148,"column":20},"end":{"line":148,"column":47}}]},"32":{"type":"branch","line":155,"loc":{"start":{"line":155,"column":21},"end":{"line":176,"column":9}},"locations":[{"start":{"line":155,"column":21},"end":{"line":176,"column":9}}]},"33":{"type":"branch","line":156,"loc":{"start":{"line":156,"column":52},"end":{"line":158,"column":20}},"locations":[{"start":{"line":156,"column":52},"end":{"line":158,"column":20}}]},"34":{"type":"branch","line":158,"loc":{"start":{"line":158,"column":20},"end":{"line":163,"column":11}},"locations":[{"start":{"line":158,"column":20},"end":{"line":163,"column":11}}]},"35":{"type":"branch","line":159,"loc":{"start":{"line":159,"column":31},"end":{"line":161,"column":13}},"locations":[{"start":{"line":159,"column":31},"end":{"line":161,"column":13}}]},"36":{"type":"branch","line":163,"loc":{"start":{"line":163,"column":10},"end":{"line":169,"column":37}},"locations":[{"start":{"line":163,"column":10},"end":{"line":169,"column":37}}]},"37":{"type":"branch","line":171,"loc":{"start":{"line":171,"column":36},"end":{"line":175,"column":11}},"locations":[{"start":{"line":171,"column":36},"end":{"line":175,"column":11}}]},"38":{"type":"branch","line":172,"loc":{"start":{"line":172,"column":29},"end":{"line":174,"column":13}},"locations":[{"start":{"line":172,"column":29},"end":{"line":174,"column":13}}]},"39":{"type":"branch","line":175,"loc":{"start":{"line":175,"column":10},"end":{"line":176,"column":9}},"locations":[{"start":{"line":175,"column":10},"end":{"line":176,"column":9}}]},"40":{"type":"branch","line":176,"loc":{"start":{"line":176,"column":8},"end":{"line":185,"column":33}},"locations":[{"start":{"line":176,"column":8},"end":{"line":185,"column":33}}]},"41":{"type":"branch","line":185,"loc":{"start":{"line":185,"column":20},"end":{"line":185,"column":35}},"locations":[{"start":{"line":185,"column":20},"end":{"line":185,"column":35}}]},"42":{"type":"branch","line":186,"loc":{"start":{"line":186,"column":20},"end":{"line":186,"column":48}},"locations":[{"start":{"line":186,"column":20},"end":{"line":186,"column":48}}]},"43":{"type":"branch","line":187,"loc":{"start":{"line":187,"column":6},"end":{"line":211,"column":7}},"locations":[{"start":{"line":187,"column":6},"end":{"line":211,"column":7}}]},"44":{"type":"branch","line":190,"loc":{"start":{"line":190,"column":81},"end":{"line":193,"column":9}},"locations":[{"start":{"line":190,"column":81},"end":{"line":193,"column":9}}]},"45":{"type":"branch","line":193,"loc":{"start":{"line":193,"column":8},"end":{"line":203,"column":62}},"locations":[{"start":{"line":193,"column":8},"end":{"line":203,"column":62}}]},"46":{"type":"branch","line":204,"loc":{"start":{"line":204,"column":20},"end":{"line":204,"column":48}},"locations":[{"start":{"line":204,"column":20},"end":{"line":204,"column":48}}]},"47":{"type":"branch","line":210,"loc":{"start":{"line":210,"column":9},"end":{"line":211,"column":7}},"locations":[{"start":{"line":210,"column":9},"end":{"line":211,"column":7}}]},"48":{"type":"branch","line":112,"loc":{"start":{"line":112,"column":19},"end":{"line":114,"column":12}},"locations":[{"start":{"line":112,"column":19},"end":{"line":114,"column":12}}]},"49":{"type":"branch","line":123,"loc":{"start":{"line":123,"column":17},"end":{"line":123,"column":88}},"locations":[{"start":{"line":123,"column":17},"end":{"line":123,"column":88}}]},"50":{"type":"branch","line":142,"loc":{"start":{"line":142,"column":17},"end":{"line":146,"column":10}},"locations":[{"start":{"line":142,"column":17},"end":{"line":146,"column":10}}]},"51":{"type":"branch","line":178,"loc":{"start":{"line":178,"column":17},"end":{"line":183,"column":10}},"locations":[{"start":{"line":178,"column":17},"end":{"line":183,"column":10}}]},"52":{"type":"branch","line":195,"loc":{"start":{"line":195,"column":17},"end":{"line":201,"column":10}},"locations":[{"start":{"line":195,"column":17},"end":{"line":201,"column":10}}]},"53":{"type":"branch","line":217,"loc":{"start":{"line":217,"column":4},"end":{"line":227,"column":6}},"locations":[{"start":{"line":217,"column":4},"end":{"line":227,"column":6}}]}},"b":{"0":[16],"1":[13],"2":[0],"3":[1],"4":[12],"5":[13],"6":[1],"7":[12],"8":[11],"9":[0],"10":[10],"11":[0],"12":[10],"13":[0],"14":[1],"15":[12],"16":[1],"17":[1],"18":[10],"19":[12],"20":[10],"21":[2],"22":[0],"23":[0],"24":[12],"25":[8],"26":[10],"27":[1],"28":[9],"29":[0],"30":[9],"31":[0],"32":[20],"33":[17],"34":[6],"35":[0],"36":[11],"37":[22],"38":[13],"39":[11],"40":[6],"41":[0],"42":[0],"43":[6],"44":[4],"45":[2],"46":[0],"47":[2],"48":[4],"49":[12],"50":[9],"51":[6],"52":[2],"53":[8]},"fnMap":{"0":{"name":"useRobustStreaming","decl":{"start":{"line":22,"column":7},"end":{"line":267,"column":1}},"loc":{"start":{"line":22,"column":7},"end":{"line":267,"column":1}},"line":22},"1":{"name":"onRetry","decl":{"start":{"line":112,"column":19},"end":{"line":114,"column":12}},"loc":{"start":{"line":112,"column":19},"end":{"line":114,"column":12}},"line":112}},"f":{"0":16,"1":4}}
,"/Users/andrei/code/extensions/grok-ai/src/utils/stream-recovery.tsx": {"path":"/Users/andrei/code/extensions/grok-ai/src/utils/stream-recovery.tsx","all":false,"statementMap":{"0":{"start":{"line":1,"column":0},"end":{"line":1,"column":48}},"2":{"start":{"line":3,"column":0},"end":{"line":3,"column":29}},"3":{"start":{"line":4,"column":0},"end":{"line":4,"column":22}},"4":{"start":{"line":5,"column":0},"end":{"line":5,"column":28}},"5":{"start":{"line":6,"column":0},"end":{"line":6,"column":16}},"6":{"start":{"line":7,"column":0},"end":{"line":7,"column":20}},"7":{"start":{"line":8,"column":0},"end":{"line":8,"column":30}},"8":{"start":{"line":9,"column":0},"end":{"line":9,"column":22}},"9":{"start":{"line":10,"column":0},"end":{"line":10,"column":22}},"10":{"start":{"line":11,"column":0},"end":{"line":11,"column":22}},"41":{"start":{"line":42,"column":0},"end":{"line":42,"column":36}},"42":{"start":{"line":43,"column":0},"end":{"line":43,"column":39}},"43":{"start":{"line":44,"column":0},"end":{"line":44,"column":31}},"44":{"start":{"line":45,"column":0},"end":{"line":45,"column":44}},"46":{"start":{"line":47,"column":0},"end":{"line":47,"column":59}},"47":{"start":{"line":48,"column":0},"end":{"line":48,"column":19}},"48":{"start":{"line":49,"column":0},"end":{"line":49,"column":20}},"49":{"start":{"line":50,"column":0},"end":{"line":50,"column":25}},"50":{"start":{"line":51,"column":0},"end":{"line":51,"column":22}},"51":{"start":{"line":52,"column":0},"end":{"line":52,"column":27}},"52":{"start":{"line":53,"column":0},"end":{"line":53,"column":24}},"53":{"start":{"line":54,"column":0},"end":{"line":54,"column":22}},"54":{"start":{"line":55,"column":0},"end":{"line":55,"column":34}},"55":{"start":{"line":56,"column":0},"end":{"line":56,"column":16}},"56":{"start":{"line":57,"column":0},"end":{"line":57,"column":6}},"58":{"start":{"line":59,"column":0},"end":{"line":59,"column":18}},"59":{"start":{"line":60,"column":0},"end":{"line":60,"column":18}},"60":{"start":{"line":61,"column":0},"end":{"line":61,"column":26}},"61":{"start":{"line":62,"column":0},"end":{"line":62,"column":6}},"62":{"start":{"line":63,"column":0},"end":{"line":63,"column":3}},"64":{"start":{"line":65,"column":0},"end":{"line":65,"column":46}},"65":{"start":{"line":66,"column":0},"end":{"line":66,"column":33}},"68":{"start":{"line":69,"column":0},"end":{"line":69,"column":29}},"70":{"start":{"line":71,"column":0},"end":{"line":71,"column":36}},"71":{"start":{"line":72,"column":0},"end":{"line":72,"column":14}},"72":{"start":{"line":73,"column":0},"end":{"line":73,"column":38}},"73":{"start":{"line":74,"column":0},"end":{"line":74,"column":39}},"74":{"start":{"line":75,"column":0},"end":{"line":75,"column":25}},"75":{"start":{"line":76,"column":0},"end":{"line":76,"column":18}},"76":{"start":{"line":77,"column":0},"end":{"line":77,"column":8}},"77":{"start":{"line":78,"column":0},"end":{"line":78,"column":5}},"79":{"start":{"line":80,"column":0},"end":{"line":80,"column":43}},"80":{"start":{"line":81,"column":0},"end":{"line":81,"column":14}},"81":{"start":{"line":82,"column":0},"end":{"line":82,"column":38}},"82":{"start":{"line":83,"column":0},"end":{"line":83,"column":37}},"83":{"start":{"line":84,"column":0},"end":{"line":84,"column":24}},"84":{"start":{"line":85,"column":0},"end":{"line":85,"column":18}},"85":{"start":{"line":86,"column":0},"end":{"line":86,"column":8}},"86":{"start":{"line":87,"column":0},"end":{"line":87,"column":5}},"88":{"start":{"line":89,"column":0},"end":{"line":89,"column":33}},"89":{"start":{"line":90,"column":0},"end":{"line":90,"column":14}},"90":{"start":{"line":91,"column":0},"end":{"line":91,"column":35}},"91":{"start":{"line":92,"column":0},"end":{"line":92,"column":41}},"92":{"start":{"line":93,"column":0},"end":{"line":93,"column":24}},"93":{"start":{"line":94,"column":0},"end":{"line":94,"column":25}},"94":{"start":{"line":95,"column":0},"end":{"line":95,"column":18}},"95":{"start":{"line":96,"column":0},"end":{"line":96,"column":8}},"96":{"start":{"line":97,"column":0},"end":{"line":97,"column":5}},"98":{"start":{"line":99,"column":0},"end":{"line":99,"column":33}},"99":{"start":{"line":100,"column":0},"end":{"line":100,"column":14}},"100":{"start":{"line":101,"column":0},"end":{"line":101,"column":41}},"101":{"start":{"line":102,"column":0},"end":{"line":102,"column":39}},"102":{"start":{"line":103,"column":0},"end":{"line":103,"column":24}},"103":{"start":{"line":104,"column":0},"end":{"line":104,"column":24}},"104":{"start":{"line":105,"column":0},"end":{"line":105,"column":18}},"105":{"start":{"line":106,"column":0},"end":{"line":106,"column":8}},"106":{"start":{"line":107,"column":0},"end":{"line":107,"column":5}},"108":{"start":{"line":109,"column":0},"end":{"line":109,"column":32}},"109":{"start":{"line":110,"column":0},"end":{"line":110,"column":14}},"110":{"start":{"line":111,"column":0},"end":{"line":111,"column":37}},"111":{"start":{"line":112,"column":0},"end":{"line":112,"column":32}},"112":{"start":{"line":113,"column":0},"end":{"line":113,"column":35}},"113":{"start":{"line":114,"column":0},"end":{"line":114,"column":24}},"114":{"start":{"line":115,"column":0},"end":{"line":115,"column":18}},"115":{"start":{"line":116,"column":0},"end":{"line":116,"column":8}},"116":{"start":{"line":117,"column":0},"end":{"line":117,"column":5}},"118":{"start":{"line":119,"column":0},"end":{"line":119,"column":103}},"119":{"start":{"line":120,"column":0},"end":{"line":120,"column":14}},"120":{"start":{"line":121,"column":0},"end":{"line":121,"column":42}},"121":{"start":{"line":122,"column":0},"end":{"line":122,"column":40}},"122":{"start":{"line":123,"column":0},"end":{"line":123,"column":25}},"123":{"start":{"line":124,"column":0},"end":{"line":124,"column":18}},"124":{"start":{"line":125,"column":0},"end":{"line":125,"column":8}},"125":{"start":{"line":126,"column":0},"end":{"line":126,"column":5}},"127":{"start":{"line":128,"column":0},"end":{"line":128,"column":77}},"128":{"start":{"line":129,"column":0},"end":{"line":129,"column":14}},"129":{"start":{"line":130,"column":0},"end":{"line":130,"column":38}},"130":{"start":{"line":131,"column":0},"end":{"line":131,"column":33}},"131":{"start":{"line":132,"column":0},"end":{"line":132,"column":24}},"132":{"start":{"line":133,"column":0},"end":{"line":133,"column":18}},"133":{"start":{"line":134,"column":0},"end":{"line":134,"column":8}},"134":{"start":{"line":135,"column":0},"end":{"line":135,"column":5}},"136":{"start":{"line":137,"column":0},"end":{"line":137,"column":12}},"137":{"start":{"line":138,"column":0},"end":{"line":138,"column":36}},"138":{"start":{"line":139,"column":0},"end":{"line":139,"column":46}},"139":{"start":{"line":140,"column":0},"end":{"line":140,"column":22}},"140":{"start":{"line":141,"column":0},"end":{"line":141,"column":16}},"141":{"start":{"line":142,"column":0},"end":{"line":142,"column":6}},"142":{"start":{"line":143,"column":0},"end":{"line":143,"column":3}},"144":{"start":{"line":145,"column":0},"end":{"line":145,"column":51}},"145":{"start":{"line":146,"column":0},"end":{"line":146,"column":31}},"146":{"start":{"line":147,"column":0},"end":{"line":147,"column":86}},"147":{"start":{"line":148,"column":0},"end":{"line":148,"column":27}},"148":{"start":{"line":149,"column":0},"end":{"line":149,"column":6}},"150":{"start":{"line":151,"column":0},"end":{"line":151,"column":82}},"151":{"start":{"line":152,"column":0},"end":{"line":152,"column":43}},"152":{"start":{"line":153,"column":0},"end":{"line":153,"column":3}},"154":{"start":{"line":155,"column":0},"end":{"line":155,"column":59}},"155":{"start":{"line":156,"column":0},"end":{"line":156,"column":27}},"156":{"start":{"line":157,"column":0},"end":{"line":157,"column":19}},"157":{"start":{"line":158,"column":0},"end":{"line":158,"column":5}},"159":{"start":{"line":160,"column":0},"end":{"line":160,"column":56}},"160":{"start":{"line":161,"column":0},"end":{"line":161,"column":44}},"161":{"start":{"line":162,"column":0},"end":{"line":162,"column":19}},"162":{"start":{"line":163,"column":0},"end":{"line":163,"column":5}},"164":{"start":{"line":165,"column":0},"end":{"line":165,"column":16}},"165":{"start":{"line":166,"column":0},"end":{"line":166,"column":3}},"167":{"start":{"line":168,"column":0},"end":{"line":168,"column":57}},"168":{"start":{"line":169,"column":0},"end":{"line":169,"column":26}},"169":{"start":{"line":170,"column":0},"end":{"line":170,"column":33}},"170":{"start":{"line":171,"column":0},"end":{"line":171,"column":35}},"172":{"start":{"line":173,"column":0},"end":{"line":173,"column":59}},"174":{"start":{"line":175,"column":0},"end":{"line":175,"column":21}},"175":{"start":{"line":176,"column":0},"end":{"line":176,"column":34}},"176":{"start":{"line":177,"column":0},"end":{"line":177,"column":31}},"177":{"start":{"line":178,"column":0},"end":{"line":178,"column":74}},"178":{"start":{"line":179,"column":0},"end":{"line":179,"column":7}},"180":{"start":{"line":181,"column":0},"end":{"line":181,"column":54}},"182":{"start":{"line":183,"column":0},"end":{"line":183,"column":63}},"183":{"start":{"line":184,"column":0},"end":{"line":184,"column":3}},"185":{"start":{"line":186,"column":0},"end":{"line":186,"column":65}},"186":{"start":{"line":187,"column":0},"end":{"line":187,"column":44}},"187":{"start":{"line":188,"column":0},"end":{"line":188,"column":42}},"188":{"start":{"line":189,"column":0},"end":{"line":189,"column":39}},"189":{"start":{"line":190,"column":0},"end":{"line":190,"column":5}},"190":{"start":{"line":191,"column":0},"end":{"line":191,"column":3}},"192":{"start":{"line":193,"column":0},"end":{"line":193,"column":48}},"193":{"start":{"line":194,"column":0},"end":{"line":194,"column":47}},"195":{"start":{"line":196,"column":0},"end":{"line":196,"column":70}},"196":{"start":{"line":197,"column":0},"end":{"line":197,"column":56}},"197":{"start":{"line":198,"column":0},"end":{"line":198,"column":5}},"199":{"start":{"line":200,"column":0},"end":{"line":200,"column":19}},"200":{"start":{"line":201,"column":0},"end":{"line":201,"column":3}},"202":{"start":{"line":203,"column":0},"end":{"line":203,"column":17}},"203":{"start":{"line":204,"column":0},"end":{"line":204,"column":18}},"204":{"start":{"line":205,"column":0},"end":{"line":205,"column":18}},"205":{"start":{"line":206,"column":0},"end":{"line":206,"column":26}},"206":{"start":{"line":207,"column":0},"end":{"line":207,"column":6}},"207":{"start":{"line":208,"column":0},"end":{"line":208,"column":34}},"208":{"start":{"line":209,"column":0},"end":{"line":209,"column":37}},"209":{"start":{"line":210,"column":0},"end":{"line":210,"column":3}},"211":{"start":{"line":212,"column":0},"end":{"line":212,"column":29}},"212":{"start":{"line":213,"column":0},"end":{"line":213,"column":29}},"213":{"start":{"line":214,"column":0},"end":{"line":214,"column":3}},"215":{"start":{"line":216,"column":0},"end":{"line":216,"column":44}},"216":{"start":{"line":217,"column":0},"end":{"line":217,"column":49}},"218":{"start":{"line":219,"column":0},"end":{"line":219,"column":34}},"219":{"start":{"line":220,"column":0},"end":{"line":220,"column":24}},"220":{"start":{"line":221,"column":0},"end":{"line":221,"column":75}},"221":{"start":{"line":222,"column":0},"end":{"line":222,"column":39}},"222":{"start":{"line":223,"column":0},"end":{"line":223,"column":9}},"223":{"start":{"line":224,"column":0},"end":{"line":224,"column":30}},"224":{"start":{"line":225,"column":0},"end":{"line":225,"column":5}},"226":{"start":{"line":227,"column":0},"end":{"line":227,"column":32}},"227":{"start":{"line":228,"column":0},"end":{"line":228,"column":3}},"229":{"start":{"line":230,"column":0},"end":{"line":230,"column":17}},"230":{"start":{"line":231,"column":0},"end":{"line":231,"column":34}},"231":{"start":{"line":232,"column":0},"end":{"line":232,"column":3}},"232":{"start":{"line":233,"column":0},"end":{"line":233,"column":1}}},"s":{"0":1,"2":1,"3":1,"4":1,"5":1,"6":1,"7":1,"8":1,"9":1,"10":1,"41":1,"42":1,"43":33,"44":33,"46":1,"47":33,"48":33,"49":33,"50":33,"51":33,"52":33,"53":33,"54":33,"55":33,"56":33,"58":33,"59":33,"60":33,"61":33,"62":33,"64":1,"65":14,"68":14,"70":14,"71":1,"72":1,"73":1,"74":1,"75":1,"76":1,"77":1,"79":14,"80":1,"81":1,"82":1,"83":1,"84":1,"85":1,"86":1,"88":14,"89":2,"90":2,"91":2,"92":2,"93":2,"94":2,"95":2,"96":2,"98":14,"99":3,"100":3,"101":3,"102":3,"103":3,"104":3,"105":3,"106":3,"108":14,"109":1,"110":1,"111":1,"112":1,"113":1,"114":1,"115":1,"116":1,"118":14,"119":2,"120":2,"121":2,"122":2,"123":2,"124":2,"125":2,"127":14,"128":1,"129":1,"130":1,"131":1,"132":1,"133":1,"134":1,"136":3,"137":3,"138":14,"139":14,"140":14,"141":14,"142":14,"144":1,"145":10,"146":10,"147":10,"148":10,"150":10,"151":10,"152":10,"154":1,"155":10,"156":3,"157":3,"159":10,"160":2,"161":2,"162":2,"164":5,"165":10,"167":1,"168":10,"169":10,"170":10,"172":10,"174":10,"175":10,"176":10,"177":10,"178":10,"180":10,"182":10,"183":10,"185":1,"186":5,"187":4,"188":4,"189":4,"190":5,"192":1,"193":13,"195":13,"196":2,"197":2,"199":13,"200":13,"202":1,"203":1,"204":1,"205":1,"206":1,"207":1,"208":1,"209":1,"211":1,"212":4,"213":4,"215":1,"216":14,"218":14,"219":14,"220":1,"221":1,"222":1,"223":14,"224":14,"226":14,"227":14,"229":1,"230":1,"231":1,"232":1},"branchMap":{"0":{"type":"branch","line":3,"loc":{"start":{"line":3,"column":7},"end":{"line":3,"column":29}},"locations":[{"start":{"line":3,"column":7},"end":{"line":3,"column":29}}]},"1":{"type":"branch","line":43,"loc":{"start":{"line":43,"column":10},"end":{"line":45,"column":44}},"locations":[{"start":{"line":43,"column":10},"end":{"line":45,"column":44}}]},"2":{"type":"branch","line":47,"loc":{"start":{"line":47,"column":2},"end":{"line":63,"column":3}},"locations":[{"start":{"line":47,"column":2},"end":{"line":63,"column":3}}]},"3":{"type":"branch","line":65,"loc":{"start":{"line":65,"column":2},"end":{"line":143,"column":3}},"locations":[{"start":{"line":65,"column":2},"end":{"line":143,"column":3}}]},"4":{"type":"branch","line":71,"loc":{"start":{"line":71,"column":35},"end":{"line":78,"column":5}},"locations":[{"start":{"line":71,"column":35},"end":{"line":78,"column":5}}]},"5":{"type":"branch","line":78,"loc":{"start":{"line":78,"column":4},"end":{"line":80,"column":30}},"locations":[{"start":{"line":78,"column":4},"end":{"line":80,"column":30}}]},"6":{"type":"branch","line":80,"loc":{"start":{"line":80,"column":42},"end":{"line":87,"column":5}},"locations":[{"start":{"line":80,"column":42},"end":{"line":87,"column":5}}]},"7":{"type":"branch","line":87,"loc":{"start":{"line":87,"column":4},"end":{"line":89,"column":32}},"locations":[{"start":{"line":87,"column":4},"end":{"line":89,"column":32}}]},"8":{"type":"branch","line":89,"loc":{"start":{"line":89,"column":32},"end":{"line":97,"column":5}},"locations":[{"start":{"line":89,"column":32},"end":{"line":97,"column":5}}]},"9":{"type":"branch","line":97,"loc":{"start":{"line":97,"column":4},"end":{"line":99,"column":32}},"locations":[{"start":{"line":97,"column":4},"end":{"line":99,"column":32}}]},"10":{"type":"branch","line":99,"loc":{"start":{"line":99,"column":32},"end":{"line":107,"column":5}},"locations":[{"start":{"line":99,"column":32},"end":{"line":107,"column":5}}]},"11":{"type":"branch","line":107,"loc":{"start":{"line":107,"column":4},"end":{"line":109,"column":31}},"locations":[{"start":{"line":107,"column":4},"end":{"line":109,"column":31}}]},"12":{"type":"branch","line":109,"loc":{"start":{"line":109,"column":31},"end":{"line":117,"column":5}},"locations":[{"start":{"line":109,"column":31},"end":{"line":117,"column":5}}]},"13":{"type":"branch","line":117,"loc":{"start":{"line":117,"column":4},"end":{"line":119,"column":33}},"locations":[{"start":{"line":117,"column":4},"end":{"line":119,"column":33}}]},"14":{"type":"branch","line":119,"loc":{"start":{"line":119,"column":51},"end":{"line":119,"column":102}},"locations":[{"start":{"line":119,"column":51},"end":{"line":119,"column":102}}]},"15":{"type":"branch","line":119,"loc":{"start":{"line":119,"column":102},"end":{"line":126,"column":5}},"locations":[{"start":{"line":119,"column":102},"end":{"line":126,"column":5}}]},"16":{"type":"branch","line":126,"loc":{"start":{"line":126,"column":4},"end":{"line":128,"column":30}},"locations":[{"start":{"line":126,"column":4},"end":{"line":128,"column":30}}]},"17":{"type":"branch","line":128,"loc":{"start":{"line":128,"column":39},"end":{"line":128,"column":76}},"locations":[{"start":{"line":128,"column":39},"end":{"line":128,"column":76}}]},"18":{"type":"branch","line":128,"loc":{"start":{"line":128,"column":76},"end":{"line":139,"column":30}},"locations":[{"start":{"line":128,"column":76},"end":{"line":139,"column":30}}]},"19":{"type":"branch","line":128,"loc":{"start":{"line":128,"column":76},"end":{"line":135,"column":5}},"locations":[{"start":{"line":128,"column":76},"end":{"line":135,"column":5}}]},"20":{"type":"branch","line":135,"loc":{"start":{"line":135,"column":4},"end":{"line":139,"column":30}},"locations":[{"start":{"line":135,"column":4},"end":{"line":139,"column":30}}]},"21":{"type":"branch","line":139,"loc":{"start":{"line":139,"column":19},"end":{"line":139,"column":46}},"locations":[{"start":{"line":139,"column":19},"end":{"line":139,"column":46}}]},"22":{"type":"branch","line":145,"loc":{"start":{"line":145,"column":10},"end":{"line":153,"column":3}},"locations":[{"start":{"line":145,"column":10},"end":{"line":153,"column":3}}]},"23":{"type":"branch","line":155,"loc":{"start":{"line":155,"column":2},"end":{"line":166,"column":3}},"locations":[{"start":{"line":155,"column":2},"end":{"line":166,"column":3}}]},"24":{"type":"branch","line":156,"loc":{"start":{"line":156,"column":26},"end":{"line":158,"column":5}},"locations":[{"start":{"line":156,"column":26},"end":{"line":158,"column":5}}]},"25":{"type":"branch","line":158,"loc":{"start":{"line":158,"column":4},"end":{"line":160,"column":55}},"locations":[{"start":{"line":158,"column":4},"end":{"line":160,"column":55}}]},"26":{"type":"branch","line":160,"loc":{"start":{"line":160,"column":55},"end":{"line":163,"column":5}},"locations":[{"start":{"line":160,"column":55},"end":{"line":163,"column":5}}]},"27":{"type":"branch","line":161,"loc":{"start":{"line":161,"column":18},"end":{"line":161,"column":44}},"locations":[{"start":{"line":161,"column":18},"end":{"line":161,"column":44}}]},"28":{"type":"branch","line":163,"loc":{"start":{"line":163,"column":4},"end":{"line":165,"column":16}},"locations":[{"start":{"line":163,"column":4},"end":{"line":165,"column":16}}]},"29":{"type":"branch","line":168,"loc":{"start":{"line":168,"column":2},"end":{"line":184,"column":3}},"locations":[{"start":{"line":168,"column":2},"end":{"line":184,"column":3}}]},"30":{"type":"branch","line":181,"loc":{"start":{"line":181,"column":16},"end":{"line":181,"column":54}},"locations":[{"start":{"line":181,"column":16},"end":{"line":181,"column":54}}]},"31":{"type":"branch","line":183,"loc":{"start":{"line":183,"column":22},"end":{"line":183,"column":61}},"locations":[{"start":{"line":183,"column":22},"end":{"line":183,"column":61}}]},"32":{"type":"branch","line":186,"loc":{"start":{"line":186,"column":2},"end":{"line":191,"column":3}},"locations":[{"start":{"line":186,"column":2},"end":{"line":191,"column":3}}]},"33":{"type":"branch","line":187,"loc":{"start":{"line":187,"column":43},"end":{"line":190,"column":5}},"locations":[{"start":{"line":187,"column":43},"end":{"line":190,"column":5}}]},"34":{"type":"branch","line":193,"loc":{"start":{"line":193,"column":2},"end":{"line":201,"column":3}},"locations":[{"start":{"line":193,"column":2},"end":{"line":201,"column":3}}]},"35":{"type":"branch","line":196,"loc":{"start":{"line":196,"column":19},"end":{"line":196,"column":69}},"locations":[{"start":{"line":196,"column":19},"end":{"line":196,"column":69}}]},"36":{"type":"branch","line":196,"loc":{"start":{"line":196,"column":69},"end":{"line":198,"column":5}},"locations":[{"start":{"line":196,"column":69},"end":{"line":198,"column":5}}]},"37":{"type":"branch","line":203,"loc":{"start":{"line":203,"column":2},"end":{"line":210,"column":3}},"locations":[{"start":{"line":203,"column":2},"end":{"line":210,"column":3}}]},"38":{"type":"branch","line":208,"loc":{"start":{"line":208,"column":9},"end":{"line":208,"column":32}},"locations":[{"start":{"line":208,"column":9},"end":{"line":208,"column":32}}]},"39":{"type":"branch","line":212,"loc":{"start":{"line":212,"column":2},"end":{"line":214,"column":3}},"locations":[{"start":{"line":212,"column":2},"end":{"line":214,"column":3}}]},"40":{"type":"branch","line":216,"loc":{"start":{"line":216,"column":2},"end":{"line":228,"column":3}},"locations":[{"start":{"line":216,"column":2},"end":{"line":228,"column":3}}]},"41":{"type":"branch","line":220,"loc":{"start":{"line":220,"column":17},"end":{"line":224,"column":9}},"locations":[{"start":{"line":220,"column":17},"end":{"line":224,"column":9}}]},"42":{"type":"branch","line":230,"loc":{"start":{"line":230,"column":2},"end":{"line":232,"column":3}},"locations":[{"start":{"line":230,"column":2},"end":{"line":232,"column":3}}]}},"b":{"0":[2],"1":[33],"2":[33],"3":[14],"4":[1],"5":[13],"6":[1],"7":[12],"8":[2],"9":[10],"10":[3],"11":[7],"12":[1],"13":[6],"14":[4],"15":[2],"16":[4],"17":[3],"18":[7],"19":[1],"20":[3],"21":[0],"22":[10],"23":[10],"24":[3],"25":[7],"26":[2],"27":[1],"28":[5],"29":[10],"30":[5],"31":[10],"32":[5],"33":[4],"34":[13],"35":[2],"36":[2],"37":[1],"38":[0],"39":[4],"40":[14],"41":[1],"42":[1]},"fnMap":{"0":{"name":"<instance_members_initializer>","decl":{"start":{"line":43,"column":10},"end":{"line":45,"column":44}},"loc":{"start":{"line":43,"column":10},"end":{"line":45,"column":44}},"line":43},"1":{"name":"StreamRecoveryManager","decl":{"start":{"line":47,"column":2},"end":{"line":63,"column":3}},"loc":{"start":{"line":47,"column":2},"end":{"line":63,"column":3}},"line":47},"2":{"name":"classifyError","decl":{"start":{"line":65,"column":2},"end":{"line":143,"column":3}},"loc":{"start":{"line":65,"column":2},"end":{"line":143,"column":3}},"line":65},"3":{"name":"calculateDelay","decl":{"start":{"line":145,"column":10},"end":{"line":153,"column":3}},"loc":{"start":{"line":145,"column":10},"end":{"line":153,"column":3}},"line":145},"4":{"name":"shouldRetry","decl":{"start":{"line":155,"column":2},"end":{"line":166,"column":3}},"loc":{"start":{"line":155,"column":2},"end":{"line":166,"column":3}},"line":155},"5":{"name":"prepareRetry","decl":{"start":{"line":168,"column":2},"end":{"line":184,"column":3}},"loc":{"start":{"line":168,"column":2},"end":{"line":184,"column":3}},"line":168},"6":{"name":"updatePartialContent","decl":{"start":{"line":186,"column":2},"end":{"line":191,"column":3}},"loc":{"start":{"line":186,"column":2},"end":{"line":191,"column":3}},"line":186},"7":{"name":"getRecoveryHeaders","decl":{"start":{"line":193,"column":2},"end":{"line":201,"column":3}},"loc":{"start":{"line":193,"column":2},"end":{"line":201,"column":3}},"line":193},"8":{"name":"reset","decl":{"start":{"line":203,"column":2},"end":{"line":210,"column":3}},"loc":{"start":{"line":203,"column":2},"end":{"line":210,"column":3}},"line":203},"9":{"name":"getState","decl":{"start":{"line":212,"column":2},"end":{"line":214,"column":3}},"loc":{"start":{"line":212,"column":2},"end":{"line":214,"column":3}},"line":212},"10":{"name":"createAbortController","decl":{"start":{"line":216,"column":2},"end":{"line":228,"column":3}},"loc":{"start":{"line":216,"column":2},"end":{"line":228,"column":3}},"line":216},"11":{"name":"abort","decl":{"start":{"line":230,"column":2},"end":{"line":232,"column":3}},"loc":{"start":{"line":230,"column":2},"end":{"line":232,"column":3}},"line":230}},"f":{"0":33,"1":33,"2":14,"3":10,"4":10,"5":10,"6":5,"7":13,"8":1,"9":4,"10":14,"11":1}}
}
